<?xml version="1.0" encoding="UTF-8"?>
<robot generator="Robot 4.1 (Python 3.8.8 on win32)" generated="20211027 21:16:09.589" rpa="false" schemaversion="2">
<suite id="s1" name="Tests" source="C:\Users\user\Documents\Assignment-13.1\Tests">
<suite id="s1-s1" name="Testcase" source="C:\Users\user\Documents\Assignment-13.1\Tests\testcase.robot">
<test id="s1-s1-t1" name="Observe user is able to test sanity flow">
<kw name="Given User Launch browser for flipkart" library="common">
<kw name="Open Browser" library="SeleniumLibrary">
<arg>${url}</arg>
<arg>gc</arg>
<doc>Opens a new browser instance to the optional ``url``.</doc>
<msg timestamp="20211027 21:16:09.999" level="INFO">Opening browser 'gc' to base url 'https://www.flipkart.com/'.</msg>
<status status="PASS" starttime="20211027 21:16:09.999" endtime="20211027 21:16:18.451"/>
</kw>
<kw name="Maximize Browser Window" library="SeleniumLibrary">
<doc>Maximizes current browser window.</doc>
<status status="PASS" starttime="20211027 21:16:18.452" endtime="20211027 21:16:18.480"/>
</kw>
<status status="PASS" starttime="20211027 21:16:09.998" endtime="20211027 21:16:18.481"/>
</kw>
<kw name="Then User enters login credentials" library="common">
<kw name="Set Selenium Speed" library="SeleniumLibrary">
<arg>1s</arg>
<doc>Sets the delay that is waited after each Selenium command.</doc>
<status status="PASS" starttime="20211027 21:16:18.483" endtime="20211027 21:16:18.484"/>
</kw>
<kw name="Input Text" library="SeleniumLibrary">
<arg>${login_No}</arg>
<arg>9535560951</arg>
<doc>Types the given ``text`` into the text field identified by ``locator``.</doc>
<msg timestamp="20211027 21:16:18.485" level="INFO">Typing text '9535560951' into text field 'Xpath=/html/body/div[2]/div/div/div/div/div[2]/div/form/div[1]/input'.</msg>
<status status="PASS" starttime="20211027 21:16:18.484" endtime="20211027 21:16:21.710"/>
</kw>
<kw name="Input Password" library="SeleniumLibrary">
<arg>${login_password}</arg>
<arg>monishri</arg>
<doc>Types the given password into the text field identified by ``locator``.</doc>
<msg timestamp="20211027 21:16:21.711" level="INFO">Typing password into text field 'Xpath=/html/body/div[2]/div/div/div/div/div[2]/div/form/div[2]/input'.</msg>
<msg timestamp="20211027 21:16:23.845" level="INFO">Temporally setting log level to: NONE</msg>
<msg timestamp="20211027 21:16:24.983" level="INFO">Log level changed from NONE to INFO.</msg>
<status status="PASS" starttime="20211027 21:16:21.710" endtime="20211027 21:16:24.983"/>
</kw>
<kw name="Click Button" library="SeleniumLibrary">
<arg>${click_login}</arg>
<doc>Clicks the button identified by ``locator``.</doc>
<msg timestamp="20211027 21:16:24.983" level="INFO">Clicking button 'Xpath=/html/body/div[2]/div/div/div/div/div[2]/div/form/div[4]/button'.</msg>
<status status="PASS" starttime="20211027 21:16:24.983" endtime="20211027 21:16:30.128"/>
</kw>
<status status="PASS" starttime="20211027 21:16:18.482" endtime="20211027 21:16:30.128"/>
</kw>
<kw name="Then User searches for electronics section and select a catogory" library="common">
<kw name="Mouse Over" library="SeleniumLibrary">
<arg>${select_Catogory}</arg>
<doc>Simulates hovering the mouse over the element ``locator``.</doc>
<msg timestamp="20211027 21:16:30.130" level="INFO">Simulating Mouse Over on element 'Xpath=/html/body/div/div/div[2]/div/div/div[5]'.</msg>
<status status="PASS" starttime="20211027 21:16:30.129" endtime="20211027 21:16:36.276"/>
</kw>
<kw name="Mouse Over" library="SeleniumLibrary">
<arg>${select_Dropdown}</arg>
<doc>Simulates hovering the mouse over the element ``locator``.</doc>
<msg timestamp="20211027 21:16:36.276" level="INFO">Simulating Mouse Over on element 'Xpath=/html/body/div/div/div[2]/div/div/div[5]/a/div[2]/div[2]'.</msg>
<status status="PASS" starttime="20211027 21:16:36.276" endtime="20211027 21:16:38.586"/>
</kw>
<kw name="Click Element" library="SeleniumLibrary">
<arg>${click_Subcatogory}</arg>
<doc>Click the element identified by ``locator``.</doc>
<msg timestamp="20211027 21:16:38.590" level="INFO">Clicking element 'Xpath=/html/body/div/div/div[2]/div/div/div[5]/a/div[2]/div[2]/div[2]/div/div/div[1]/a[2]'.</msg>
<status status="PASS" starttime="20211027 21:16:38.588" endtime="20211027 21:16:40.755"/>
</kw>
<status status="PASS" starttime="20211027 21:16:30.129" endtime="20211027 21:16:40.755"/>
</kw>
<kw name="Then User selects a desired item" library="common">
<kw name="Input Text" library="SeleniumLibrary">
<arg>${search_bar}</arg>
<arg>canon cameras</arg>
<doc>Types the given ``text`` into the text field identified by ``locator``.</doc>
<msg timestamp="20211027 21:16:40.759" level="INFO">Typing text 'canon cameras' into text field 'Xpath=/html/body/div/div/div[1]/div[1]/div[2]/div[2]/form/div/div/input'.</msg>
<status status="PASS" starttime="20211027 21:16:40.758" endtime="20211027 21:16:44.000"/>
</kw>
<kw name="Click Button" library="SeleniumLibrary">
<arg>${search_button}</arg>
<doc>Clicks the button identified by ``locator``.</doc>
<msg timestamp="20211027 21:16:44.001" level="INFO">Clicking button 'Xpath=/html/body/div/div/div[1]/div[1]/div[2]/div[2]/form/div/button'.</msg>
<status status="PASS" starttime="20211027 21:16:44.001" endtime="20211027 21:16:49.161"/>
</kw>
<kw name="Click Element" library="SeleniumLibrary">
<arg>${select_item}</arg>
<doc>Click the element identified by ``locator``.</doc>
<msg timestamp="20211027 21:16:49.161" level="INFO">Clicking element 'Xpath=/html/body/div/div/div[3]/div[1]/div[2]/div[2]/div/div/div/a'.</msg>
<status status="PASS" starttime="20211027 21:16:49.161" endtime="20211027 21:16:51.308"/>
</kw>
<kw name="Capture Page Screenshot" library="SeleniumLibrary">
<arg>sc1.png</arg>
<doc>Takes a screenshot of the current page and embeds it into a log file.</doc>
<msg timestamp="20211027 21:16:52.591" level="INFO" html="true">&lt;/td&gt;&lt;/tr&gt;&lt;tr&gt;&lt;td colspan="3"&gt;&lt;a href="sc1.png"&gt;&lt;img src="sc1.png" width="800px"&gt;&lt;/a&gt;</msg>
<status status="PASS" starttime="20211027 21:16:51.308" endtime="20211027 21:16:52.591"/>
</kw>
<status status="PASS" starttime="20211027 21:16:40.757" endtime="20211027 21:16:52.591"/>
</kw>
<kw name="Then User adds the item to the cart" library="common">
<kw name="Switch Window" library="SeleniumLibrary">
<arg>${handle}</arg>
<doc>Switches to browser window matching ``locator``.</doc>
<status status="PASS" starttime="20211027 21:16:52.593" endtime="20211027 21:16:56.641"/>
</kw>
<kw name="Sleep" library="BuiltIn">
<arg>2s</arg>
<doc>Pauses the test executed for the given time.</doc>
<msg timestamp="20211027 21:16:58.643" level="INFO">Slept 2 seconds</msg>
<status status="PASS" starttime="20211027 21:16:56.641" endtime="20211027 21:16:58.643"/>
</kw>
<kw name="Click Button" library="SeleniumLibrary">
<arg>${add_to_cart}</arg>
<doc>Clicks the button identified by ``locator``.</doc>
<msg timestamp="20211027 21:16:58.643" level="INFO">Clicking button 'Xpath=/html/body/div[1]/div/div[3]/div[1]/div[1]/div[2]/div/ul/li[1]/button'.</msg>
<status status="PASS" starttime="20211027 21:16:58.643" endtime="20211027 21:17:03.821"/>
</kw>
<kw name="Sleep" library="BuiltIn">
<arg>2s</arg>
<doc>Pauses the test executed for the given time.</doc>
<msg timestamp="20211027 21:17:05.822" level="INFO">Slept 2 seconds</msg>
<status status="PASS" starttime="20211027 21:17:03.821" endtime="20211027 21:17:05.822"/>
</kw>
<kw name="Capture Page Screenshot" library="SeleniumLibrary">
<arg>sc2.png</arg>
<doc>Takes a screenshot of the current page and embeds it into a log file.</doc>
<msg timestamp="20211027 21:17:06.974" level="INFO" html="true">&lt;/td&gt;&lt;/tr&gt;&lt;tr&gt;&lt;td colspan="3"&gt;&lt;a href="sc2.png"&gt;&lt;img src="sc2.png" width="800px"&gt;&lt;/a&gt;</msg>
<status status="PASS" starttime="20211027 21:17:05.822" endtime="20211027 21:17:06.975"/>
</kw>
<kw name="Close Window" library="SeleniumLibrary">
<doc>Closes currently opened and selected browser window/tab.</doc>
<status status="PASS" starttime="20211027 21:17:06.975" endtime="20211027 21:17:08.055"/>
</kw>
<status status="PASS" starttime="20211027 21:16:52.592" endtime="20211027 21:17:08.056"/>
</kw>
<kw name="And Terminate browser" library="common" type="TEARDOWN">
<kw name="Close Browser" library="SeleniumLibrary">
<doc>Closes the current browser.</doc>
<status status="PASS" starttime="20211027 21:17:08.059" endtime="20211027 21:17:12.304"/>
</kw>
<status status="PASS" starttime="20211027 21:17:08.058" endtime="20211027 21:17:12.304"/>
</kw>
<tag>sanity</tag>
<status status="PASS" starttime="20211027 21:16:09.997" endtime="20211027 21:17:12.305"/>
</test>
<status status="PASS" starttime="20211027 21:16:09.637" endtime="20211027 21:17:12.308"/>
</suite>
<status status="PASS" starttime="20211027 21:16:09.591" endtime="20211027 21:17:12.370"/>
</suite>
<statistics>
<total>
<stat pass="1" fail="0" skip="0">All Tests</stat>
</total>
<tag>
<stat pass="1" fail="0" skip="0">sanity</stat>
</tag>
<suite>
<stat pass="1" fail="0" skip="0" id="s1" name="Tests">Tests</stat>
<stat pass="1" fail="0" skip="0" id="s1-s1" name="Testcase">Tests.Testcase</stat>
</suite>
</statistics>
<errors>
</errors>
</robot>
